Flutter crash report.
Please report a bug at https://github.com/flutter/flutter/issues.

## command

flutter run

## exception

RPCError: _flutter.listViews: (-32000) Bad state: The client closed with pending request "_flutter.listViews".

```
```

## flutter doctor

```
[✓] Flutter (Channel beta, 1.23.0-18.1.pre, on Microsoft Windows [Version 10.0.18363.1198], locale en-PH)
    • Flutter version 1.23.0-18.1.pre at C:\src\flutter\flutter
    • Framework revision 198df796aa (7 weeks ago), 2020-10-15 12:04:33 -0700
    • Engine revision 1d12d82d9c
    • Dart version 2.11.0 (build 2.11.0-213.1.beta)

[✓] Android toolchain - develop for Android devices (Android SDK version 30.0.1)
    • Android SDK at C:\Users\angka\AppData\Local\Android\sdk
    • Platform android-30, build-tools 30.0.1
    • Java binary at: C:\Program Files\Android\Android Studio\jre\bin\java
    • Java version OpenJDK Runtime Environment (build 1.8.0_242-release-1644-b01)
    • All Android licenses accepted.

[✓] Android Studio (version 4.0)
    • Android Studio at C:\Program Files\Android\Android Studio
    • Flutter plugin version 50.0.1
    • Dart plugin version 193.7547
    • Java version OpenJDK Runtime Environment (build 1.8.0_242-release-1644-b01)

[✓] VS Code (version 1.51.1)
    • VS Code at C:\Users\angka\AppData\Local\Programs\Microsoft VS Code
    • Flutter extension can be installed from:
      🔨 https://marketplace.visualstudio.com/items?itemName=Dart-Code.flutter

[✓] Connected device (1 available)
    • Android SDK built for x86 (mobile) • emulator-5554 • android-x86 • Android 8.0.0 (API 26) (emulator)

• No issues found!
```
